[debug] > Exec(early(addDefaultCommands), None, None)
[debug] > Exec(addDefaultCommands, None, None)
[debug] > Exec(early(initialize), None, None)
[debug] > Exec(initialize, None, None)
[debug] > Exec(boot, None, None)
[debug] > Exec(writeSbtVersion, None, None)
[debug] > Exec(reload, None, None)
[debug] > Exec(sbtStashOnFailure, None, None)
[debug] > Exec(onFailure loadFailed, None, None)
[debug] > Exec(loadp, None, None)
[info] welcome to sbt 1.5.7 (Oracle Corporation Java 1.8.0_292)
[debug] Load.defaultLoad until apply took 229.775218ms
[debug]                 Load.loadUnit: plugins took 62.371248ms
[debug]                 Load.loadUnit: defsScala took 0.350353ms
[debug] [Loading] Scanning directory /app/project/project
[debug]                   Load.loadUnit: mkEval took 7.67694ms
[debug] [Loading] Found non-root projects 
[debug] [Loading] Done in /app/project/project, returning: ()
[debug] deducing auto plugins based on known facts Set(Atom(sbt.plugins.CorePlugin)) and clauses Clauses(Clause(Atom(sbt.plugins.JvmPlugin),Set(Atom(sbt.plugins.IvyPlugin)))
[debug] Clause(Atom(sbt.ScriptedPlugin),Set(Atom(sbt.plugins.JvmPlugin)))
[debug] Clause(Atom(sbt.plugins.SbtPlugin),Set(Atom(sbt.ScriptedPlugin)))
[debug] Clause(Atom(sbt.plugins.SemanticdbPlugin),Set(Atom(sbt.plugins.JvmPlugin)))
[debug] Clause(Atom(sbt.plugins.JUnitXmlReportPlugin),Set(Atom(sbt.plugins.JvmPlugin)))
[debug] Clause(Atom(sbt.plugins.MiniDependencyTreePlugin),Set(Atom(sbt.plugins.JvmPlugin)))
[debug] Clause(Atom(sbt.plugins.CorePlugin),Set(Atom(sbt.plugins.IvyPlugin)))
[debug] Clause(Atom(sbt.plugins.IvyPlugin),Set(Atom(sbt.plugins.JvmPlugin)))
[debug] Clause(Atom(sbt.plugins.JvmPlugin),Set(Atom(sbt.plugins.SemanticdbPlugin)))
[debug] Clause(Atom(sbt.plugins.JvmPlugin),Set(Atom(sbt.plugins.JUnitXmlReportPlugin)))
[debug] Clause(Atom(sbt.plugins.CorePlugin),Set(Atom(sbt.plugins.Giter8TemplatePlugin)))
[debug] Clause(Atom(sbt.plugins.JvmPlugin),Set(Atom(sbt.plugins.MiniDependencyTreePlugin))))
[debug]   :: deduced result: Matched(sbt.plugins.CorePlugin,sbt.plugins.Giter8TemplatePlugin,sbt.plugins.IvyPlugin,sbt.plugins.JvmPlugin,sbt.plugins.MiniDependencyTreePlugin,sbt.plugins.JUnitXmlReportPlugin,sbt.plugins.SemanticdbPlugin)
[debug] Plugins.deducer#function took 10.009898 ms
[info] loading settings for project app-build-build from metals.sbt ...
[debug]                     Load.resolveProject(app-build-build) took 37.340562ms
[debug]                   Load.loadTransitive: finalizeProject(Project(id app-build-build, base: /app/project/project, plugins: List(<none>))) took 52.789742ms
[debug] [Loading] Done in /app/project/project, returning: (app-build-build)
[debug]                 Load.loadUnit: loadedProjectsRaw took 1264.889836ms
[debug]                 Load.loadUnit: cleanEvalClasses took 5.232631ms
[debug]               Load.loadUnit(file:/app/project/project/, ...) took 1337.303022ms
[debug]             Load.apply: load took 1414.370045ms
[debug]             Load.apply: resolveProjects took 4.591116ms
[debug]             Load.apply: finalTransforms took 33.701583ms
[debug]             Load.apply: config.delegates took 4.456535ms
[debug]             Load.apply: Def.make(settings)... took 250.148398ms
[debug]             Load.apply: structureIndex took 58.620998ms
[debug]             Load.apply: mkStreams took 1.411981ms
[info] loading project definition from /app/project/project
[debug] Running task... Cancel: Signal, check cycles: false, forcegc: true
